d:\workspace\clg\cg\pg1\cgproject\cgproject\debug\vcpkg.applocal.log
d:\workspace\clg\cg\pg1\cgproject\cgproject\debug\grid.obj
d:\workspace\clg\cg\pg1\cgproject\cgproject\debug\dijkstra.obj
d:\workspace\clg\cg\pg1\cgproject\cgproject\debug\button.obj
d:\workspace\clg\cg\pg1\cgproject\cgproject\debug\main.obj
d:\workspace\clg\cg\pg1\cgproject\cgproject\debug\gui.obj
d:\workspace\clg\cg\pg1\cgproject\cgproject\debug\tile.obj
d:\workspace\clg\cg\pg1\cgproject\cgproject\debug\gamemanager.obj
d:\workspace\clg\cg\pg1\cgproject\cgproject\debug\bfs.obj
d:\workspace\clg\cg\pg1\cgproject\cgproject\debug\backtracking.obj
d:\workspace\clg\cg\pg1\cgproject\cgproject\debug\astar.obj
d:\workspace\clg\cg\pg1\cgproject\cgproject\debug\vc142.pdb
d:\workspace\clg\cg\pg1\cgproject\cgproject\debug\vc142.idb
d:\workspace\clg\cg\pg1\cgproject\debug\cgproject.exe
d:\workspace\clg\cg\pg1\cgproject\debug\cgproject.ilk
d:\workspace\clg\cg\pg1\cgproject\debug\cgproject.pdb
d:\workspace\clg\cg\pg1\cgproject\cgproject\debug\cgproject.tlog\cgproject.write.1u.tlog
d:\workspace\clg\cg\pg1\cgproject\cgproject\debug\cgproject.tlog\cl.command.1.tlog
d:\workspace\clg\cg\pg1\cgproject\cgproject\debug\cgproject.tlog\cl.read.1.tlog
d:\workspace\clg\cg\pg1\cgproject\cgproject\debug\cgproject.tlog\cl.write.1.tlog
d:\workspace\clg\cg\pg1\cgproject\cgproject\debug\cgproject.tlog\link.command.1.tlog
d:\workspace\clg\cg\pg1\cgproject\cgproject\debug\cgproject.tlog\link.read.1.tlog
d:\workspace\clg\cg\pg1\cgproject\cgproject\debug\cgproject.tlog\link.write.1.tlog
